23:33:22:578 [main] INFO  l.i.c.CropMonitoringSystemBackendApplication - Starting CropMonitoringSystemBackendApplication using Java 17.0.7 with PID 7468 (D:\GDSE 68\Second Semester\AAD\Crop_Monitoring_System-Backend\build\classes\java\main started by Sandun in D:\GDSE 68\Second Semester\AAD\Crop_Monitoring_System-Backend)
23:33:22:583 [main] INFO  l.i.c.CropMonitoringSystemBackendApplication - No active profile set, falling back to 1 default profile: "default"
23:33:26:643 [main] INFO  l.i.c.CropMonitoringSystemBackendApplication - Started CropMonitoringSystemBackendApplication in 4.567 seconds (process running for 5.541)
13:56:28:598 [main] INFO  l.i.c.CropMonitoringSystemBackendApplication - Starting CropMonitoringSystemBackendApplication using Java 17.0.7 with PID 20124 (D:\GDSE 68\Second Semester\AAD\Crop_Monitoring_System-Backend\build\classes\java\main started by Sandun in D:\GDSE 68\Second Semester\AAD\Crop_Monitoring_System-Backend)
13:56:28:607 [main] INFO  l.i.c.CropMonitoringSystemBackendApplication - No active profile set, falling back to 1 default profile: "default"
13:56:55:601 [main] INFO  l.i.c.CropMonitoringSystemBackendApplication - Started CropMonitoringSystemBackendApplication in 28.892 seconds (process running for 32.793)
14:02:17:746 [http-nio-8080-exec-1] ERROR l.i.c.controller.UserController - Failed to save user: UserDTO(email=john@gmail.com, password=123456, role=MANAGER)
14:04:37:335 [main] INFO  l.i.c.CropMonitoringSystemBackendApplication - Starting CropMonitoringSystemBackendApplication using Java 17.0.7 with PID 28620 (D:\GDSE 68\Second Semester\AAD\Crop_Monitoring_System-Backend\build\classes\java\main started by Sandun in D:\GDSE 68\Second Semester\AAD\Crop_Monitoring_System-Backend)
14:04:37:344 [main] INFO  l.i.c.CropMonitoringSystemBackendApplication - No active profile set, falling back to 1 default profile: "default"
14:04:57:121 [main] INFO  l.i.c.CropMonitoringSystemBackendApplication - Started CropMonitoringSystemBackendApplication in 21.999 seconds (process running for 24.986)
14:04:59:911 [http-nio-8080-exec-2] ERROR l.i.c.controller.UserController - Failed to save user: UserDTO(email=john@gmail.com, password=123456, role=MANAGER)
14:06:22:220 [main] INFO  l.i.c.CropMonitoringSystemBackendApplication - Starting CropMonitoringSystemBackendApplication using Java 17.0.7 with PID 22856 (D:\GDSE 68\Second Semester\AAD\Crop_Monitoring_System-Backend\build\classes\java\main started by Sandun in D:\GDSE 68\Second Semester\AAD\Crop_Monitoring_System-Backend)
14:06:22:227 [main] INFO  l.i.c.CropMonitoringSystemBackendApplication - No active profile set, falling back to 1 default profile: "default"
14:06:33:150 [main] INFO  l.i.c.CropMonitoringSystemBackendApplication - Started CropMonitoringSystemBackendApplication in 12.068 seconds (process running for 13.779)
14:07:16:724 [http-nio-8080-exec-2] ERROR l.i.c.controller.UserController - Failed to save user: UserDTO(email=john@gmail.com, password=123456, role=MANAGER)
14:07:43:471 [main] INFO  l.i.c.CropMonitoringSystemBackendApplication - Starting CropMonitoringSystemBackendApplication using Java 17.0.7 with PID 6192 (D:\GDSE 68\Second Semester\AAD\Crop_Monitoring_System-Backend\build\classes\java\main started by Sandun in D:\GDSE 68\Second Semester\AAD\Crop_Monitoring_System-Backend)
14:07:43:484 [main] INFO  l.i.c.CropMonitoringSystemBackendApplication - No active profile set, falling back to 1 default profile: "default"
14:07:56:954 [main] INFO  l.i.c.CropMonitoringSystemBackendApplication - Started CropMonitoringSystemBackendApplication in 14.397 seconds (process running for 15.963)
14:08:05:952 [http-nio-8080-exec-1] INFO  l.i.c.controller.UserController - User saved successfully: UserDTO(email=john@gmail.com, password=123456, role=MANAGER)
14:09:53:561 [main] INFO  l.i.c.CropMonitoringSystemBackendApplication - Starting CropMonitoringSystemBackendApplication using Java 17.0.7 with PID 7408 (D:\GDSE 68\Second Semester\AAD\Crop_Monitoring_System-Backend\build\classes\java\main started by Sandun in D:\GDSE 68\Second Semester\AAD\Crop_Monitoring_System-Backend)
14:09:53:583 [main] INFO  l.i.c.CropMonitoringSystemBackendApplication - No active profile set, falling back to 1 default profile: "default"
14:10:06:291 [main] INFO  l.i.c.CropMonitoringSystemBackendApplication - Started CropMonitoringSystemBackendApplication in 14.157 seconds (process running for 16.482)
14:10:34:738 [main] INFO  l.i.c.CropMonitoringSystemBackendApplication - Starting CropMonitoringSystemBackendApplication using Java 17.0.7 with PID 7508 (D:\GDSE 68\Second Semester\AAD\Crop_Monitoring_System-Backend\build\classes\java\main started by Sandun in D:\GDSE 68\Second Semester\AAD\Crop_Monitoring_System-Backend)
14:10:34:743 [main] INFO  l.i.c.CropMonitoringSystemBackendApplication - No active profile set, falling back to 1 default profile: "default"
14:10:43:576 [main] INFO  l.i.c.CropMonitoringSystemBackendApplication - Started CropMonitoringSystemBackendApplication in 10.186 seconds (process running for 11.992)
15:17:33:818 [main] INFO  l.i.c.CropMonitoringSystemBackendApplication - Starting CropMonitoringSystemBackendApplication using Java 17.0.7 with PID 14692 (D:\GDSE 68\Second Semester\AAD\Crop_Monitoring_System-Backend\build\classes\java\main started by Sandun in D:\GDSE 68\Second Semester\AAD\Crop_Monitoring_System-Backend)
15:17:33:823 [main] INFO  l.i.c.CropMonitoringSystemBackendApplication - No active profile set, falling back to 1 default profile: "default"
15:17:39:850 [main] INFO  l.i.c.CropMonitoringSystemBackendApplication - Started CropMonitoringSystemBackendApplication in 6.602 seconds (process running for 8.55)
16:03:41:508 [main] INFO  l.i.c.CropMonitoringSystemBackendApplication - Starting CropMonitoringSystemBackendApplication using Java 17.0.7 with PID 6264 (D:\GDSE 68\Second Semester\AAD\Crop_Monitoring_System-Backend\build\classes\java\main started by Sandun in D:\GDSE 68\Second Semester\AAD\Crop_Monitoring_System-Backend)
16:03:41:514 [main] INFO  l.i.c.CropMonitoringSystemBackendApplication - No active profile set, falling back to 1 default profile: "default"
16:03:48:322 [main] INFO  l.i.c.CropMonitoringSystemBackendApplication - Started CropMonitoringSystemBackendApplication in 7.342 seconds (process running for 8.866)
16:04:38:678 [http-nio-8080-exec-1] INFO  l.i.c.controller.StaffController - Staff saved successfully: StaffDTO(staffId=S002, firstName=Sarah, lastName=Johnson, designation=Agricultural Scientist, gender=FEMALE, joinedDate=2024-11-11, dateOfBirth=1985-08-15, addressLine1=No,456, addressLine2=Oak Avenue, addressLine3=Garden District, addressLine4=California, addressLine5=USA, mobile=0112345678, email=sarah.j@gmail.com, role=SCIENTIST, vehicles=null)
16:06:09:575 [http-nio-8080-exec-5] INFO  l.i.c.controller.UserController - User saved successfully: UserDTO(email=john@gmail.com, password=123456, role=MANAGER)
16:14:21:709 [main] INFO  l.i.c.CropMonitoringSystemBackendApplication - Starting CropMonitoringSystemBackendApplication using Java 17.0.7 with PID 18300 (D:\GDSE 68\Second Semester\AAD\Crop_Monitoring_System-Backend\build\classes\java\main started by Sandun in D:\GDSE 68\Second Semester\AAD\Crop_Monitoring_System-Backend)
16:14:21:713 [main] INFO  l.i.c.CropMonitoringSystemBackendApplication - No active profile set, falling back to 1 default profile: "default"
16:14:28:892 [main] INFO  l.i.c.CropMonitoringSystemBackendApplication - Started CropMonitoringSystemBackendApplication in 8.057 seconds (process running for 9.769)
16:14:39:802 [http-nio-8080-exec-2] ERROR l.i.c.controller.UserController - Failed to save user: UserDTO(email=sarah.j@gmail.com, password=123456, role=null)
16:16:57:234 [main] INFO  l.i.c.CropMonitoringSystemBackendApplication - Starting CropMonitoringSystemBackendApplication using Java 17.0.7 with PID 9692 (D:\GDSE 68\Second Semester\AAD\Crop_Monitoring_System-Backend\build\classes\java\main started by Sandun in D:\GDSE 68\Second Semester\AAD\Crop_Monitoring_System-Backend)
16:16:57:236 [main] INFO  l.i.c.CropMonitoringSystemBackendApplication - No active profile set, falling back to 1 default profile: "default"
16:17:04:465 [main] INFO  l.i.c.CropMonitoringSystemBackendApplication - Started CropMonitoringSystemBackendApplication in 7.74 seconds (process running for 9.313)
16:17:11:192 [http-nio-8080-exec-4] INFO  l.i.c.controller.UserController - User saved successfully: UserDTO(email=sarah.j@gmail.com, password=123456, role=SCIENTIST)
16:17:53:229 [http-nio-8080-exec-3] INFO  l.i.c.controller.UserController - User saved successfully: UserDTO(email=john@gmail.com, password=2580, role=MANAGER)
16:18:50:359 [main] INFO  l.i.c.CropMonitoringSystemBackendApplication - Starting CropMonitoringSystemBackendApplication using Java 17.0.7 with PID 5940 (D:\GDSE 68\Second Semester\AAD\Crop_Monitoring_System-Backend\build\classes\java\main started by Sandun in D:\GDSE 68\Second Semester\AAD\Crop_Monitoring_System-Backend)
16:18:50:362 [main] INFO  l.i.c.CropMonitoringSystemBackendApplication - No active profile set, falling back to 1 default profile: "default"
16:18:54:792 [main] INFO  l.i.c.CropMonitoringSystemBackendApplication - Started CropMonitoringSystemBackendApplication in 4.794 seconds (process running for 5.578)
16:52:46:453 [main] INFO  l.i.c.CropMonitoringSystemBackendApplication - Starting CropMonitoringSystemBackendApplication using Java 17.0.7 with PID 17472 (D:\GDSE 68\Second Semester\AAD\Crop_Monitoring_System-Backend\build\classes\java\main started by Sandun in D:\GDSE 68\Second Semester\AAD\Crop_Monitoring_System-Backend)
16:52:46:470 [main] INFO  l.i.c.CropMonitoringSystemBackendApplication - No active profile set, falling back to 1 default profile: "default"
16:52:53:534 [main] INFO  l.i.c.CropMonitoringSystemBackendApplication - Started CropMonitoringSystemBackendApplication in 7.81 seconds (process running for 8.859)
16:54:09:919 [http-nio-8080-exec-3] INFO  l.i.c.controller.UserController - User password updated successfully: UserDTO(email=john@gmail.com, password=2580, role=null)
16:54:44:887 [main] INFO  l.i.c.CropMonitoringSystemBackendApplication - Starting CropMonitoringSystemBackendApplication using Java 17.0.7 with PID 17732 (D:\GDSE 68\Second Semester\AAD\Crop_Monitoring_System-Backend\build\classes\java\main started by Sandun in D:\GDSE 68\Second Semester\AAD\Crop_Monitoring_System-Backend)
16:54:44:908 [main] INFO  l.i.c.CropMonitoringSystemBackendApplication - No active profile set, falling back to 1 default profile: "default"
16:54:50:399 [main] INFO  l.i.c.CropMonitoringSystemBackendApplication - Started CropMonitoringSystemBackendApplication in 6.2 seconds (process running for 7.053)
16:54:58:946 [http-nio-8080-exec-2] INFO  l.i.c.controller.UserController - User saved successfully: UserDTO(email=john@gmail.com, password=123456, role=MANAGER)
16:55:13:788 [http-nio-8080-exec-5] INFO  l.i.c.controller.UserController - User password updated successfully: UserDTO(email=john@gmail.com, password=2580, role=null)
17:12:33:840 [main] INFO  l.i.c.CropMonitoringSystemBackendApplication - Starting CropMonitoringSystemBackendApplication using Java 17.0.7 with PID 12948 (D:\GDSE 68\Second Semester\AAD\Crop_Monitoring_System-Backend\build\classes\java\main started by Sandun in D:\GDSE 68\Second Semester\AAD\Crop_Monitoring_System-Backend)
17:12:33:845 [main] INFO  l.i.c.CropMonitoringSystemBackendApplication - No active profile set, falling back to 1 default profile: "default"
17:12:39:963 [main] INFO  l.i.c.CropMonitoringSystemBackendApplication - Started CropMonitoringSystemBackendApplication in 6.738 seconds (process running for 7.666)
17:13:19:247 [http-nio-8080-exec-3] INFO  l.i.c.controller.UserController - User deleted successfully with email: john@gmail.com
17:13:56:634 [http-nio-8080-exec-4] INFO  l.i.c.controller.UserController - User saved successfully: UserDTO(email=john@gmail.com, password=123456, role=MANAGER)
18:30:22:944 [main] INFO  l.i.c.CropMonitoringSystemBackendApplication - Starting CropMonitoringSystemBackendApplication using Java 17.0.7 with PID 13944 (D:\GDSE 68\Second Semester\AAD\Crop_Monitoring_System-Backend\build\classes\java\main started by Sandun in D:\GDSE 68\Second Semester\AAD\Crop_Monitoring_System-Backend)
18:30:22:963 [main] INFO  l.i.c.CropMonitoringSystemBackendApplication - No active profile set, falling back to 1 default profile: "default"
18:30:30:820 [main] INFO  l.i.c.CropMonitoringSystemBackendApplication - Started CropMonitoringSystemBackendApplication in 8.766 seconds (process running for 9.585)
18:33:14:075 [main] INFO  l.i.c.CropMonitoringSystemBackendApplication - Starting CropMonitoringSystemBackendApplication using Java 17.0.7 with PID 10164 (D:\GDSE 68\Second Semester\AAD\Crop_Monitoring_System-Backend\build\classes\java\main started by Sandun in D:\GDSE 68\Second Semester\AAD\Crop_Monitoring_System-Backend)
18:33:14:083 [main] INFO  l.i.c.CropMonitoringSystemBackendApplication - No active profile set, falling back to 1 default profile: "default"
18:33:21:558 [main] INFO  l.i.c.CropMonitoringSystemBackendApplication - Started CropMonitoringSystemBackendApplication in 7.942 seconds (process running for 8.758)
18:37:09:726 [main] INFO  l.i.c.CropMonitoringSystemBackendApplication - Starting CropMonitoringSystemBackendApplication using Java 17.0.7 with PID 29844 (D:\GDSE 68\Second Semester\AAD\Crop_Monitoring_System-Backend\build\classes\java\main started by Sandun in D:\GDSE 68\Second Semester\AAD\Crop_Monitoring_System-Backend)
18:37:09:730 [main] INFO  l.i.c.CropMonitoringSystemBackendApplication - No active profile set, falling back to 1 default profile: "default"
18:37:16:888 [main] INFO  l.i.c.CropMonitoringSystemBackendApplication - Started CropMonitoringSystemBackendApplication in 7.533 seconds (process running for 8.302)
18:40:26:390 [main] INFO  l.i.c.CropMonitoringSystemBackendApplication - Starting CropMonitoringSystemBackendApplication using Java 17.0.7 with PID 30584 (D:\GDSE 68\Second Semester\AAD\Crop_Monitoring_System-Backend\build\classes\java\main started by Sandun in D:\GDSE 68\Second Semester\AAD\Crop_Monitoring_System-Backend)
18:40:26:396 [main] INFO  l.i.c.CropMonitoringSystemBackendApplication - No active profile set, falling back to 1 default profile: "default"
18:40:33:500 [main] INFO  l.i.c.CropMonitoringSystemBackendApplication - Started CropMonitoringSystemBackendApplication in 7.667 seconds (process running for 8.776)
18:43:56:449 [http-nio-8080-exec-6] ERROR o.a.c.c.C.[.[.[.[dispatcherServlet] - Servlet.service() for servlet [dispatcherServlet] in context with path [/cms] threw exception
io.jsonwebtoken.security.SignatureException: JWT signature does not match locally computed signature. JWT validity cannot be asserted and should not be trusted.
	at io.jsonwebtoken.impl.DefaultJwtParser.verifySignature(DefaultJwtParser.java:340)
	at io.jsonwebtoken.impl.DefaultJwtParser.parse(DefaultJwtParser.java:579)
	at io.jsonwebtoken.impl.DefaultJwtParser.parse(DefaultJwtParser.java:364)
	at io.jsonwebtoken.impl.DefaultJwtParser.parse(DefaultJwtParser.java:94)
	at io.jsonwebtoken.impl.io.AbstractParser.parse(AbstractParser.java:36)
	at io.jsonwebtoken.impl.io.AbstractParser.parse(AbstractParser.java:29)
	at io.jsonwebtoken.impl.DefaultJwtParser.parseSignedClaims(DefaultJwtParser.java:830)
	at io.jsonwebtoken.impl.DefaultJwtParser.parseClaimsJws(DefaultJwtParser.java:806)
	at lk.ijse.crop_monitoring_systembackend.service.impl.JWTServiceIMPL.getAllClaims(JWTServiceIMPL.java:81)
	at lk.ijse.crop_monitoring_systembackend.service.impl.JWTServiceIMPL.extractClaim(JWTServiceIMPL.java:47)
	at lk.ijse.crop_monitoring_systembackend.service.impl.JWTServiceIMPL.extractUsername(JWTServiceIMPL.java:26)
	at lk.ijse.crop_monitoring_systembackend.config.JWTConfig.doFilterInternal(JWTConfig.java:40)
	at org.springframework.web.filter.OncePerRequestFilter.doFilter(OncePerRequestFilter.java:116)
	at org.springframework.security.web.FilterChainProxy$VirtualFilterChain.doFilter(FilterChainProxy.java:374)
	at org.springframework.security.web.authentication.logout.LogoutFilter.doFilter(LogoutFilter.java:107)
	at org.springframework.security.web.authentication.logout.LogoutFilter.doFilter(LogoutFilter.java:93)
	at org.springframework.security.web.FilterChainProxy$VirtualFilterChain.doFilter(FilterChainProxy.java:374)
	at org.springframework.security.web.header.HeaderWriterFilter.doHeadersAfter(HeaderWriterFilter.java:90)
	at org.springframework.security.web.header.HeaderWriterFilter.doFilterInternal(HeaderWriterFilter.java:75)
	at org.springframework.web.filter.OncePerRequestFilter.doFilter(OncePerRequestFilter.java:116)
	at org.springframework.security.web.FilterChainProxy$VirtualFilterChain.doFilter(FilterChainProxy.java:374)
	at org.springframework.security.web.context.SecurityContextHolderFilter.doFilter(SecurityContextHolderFilter.java:82)
	at org.springframework.security.web.context.SecurityContextHolderFilter.doFilter(SecurityContextHolderFilter.java:69)
	at org.springframework.security.web.FilterChainProxy$VirtualFilterChain.doFilter(FilterChainProxy.java:374)
	at org.springframework.security.web.context.request.async.WebAsyncManagerIntegrationFilter.doFilterInternal(WebAsyncManagerIntegrationFilter.java:62)
	at org.springframework.web.filter.OncePerRequestFilter.doFilter(OncePerRequestFilter.java:116)
	at org.springframework.security.web.FilterChainProxy$VirtualFilterChain.doFilter(FilterChainProxy.java:374)
	at org.springframework.security.web.session.DisableEncodeUrlFilter.doFilterInternal(DisableEncodeUrlFilter.java:42)
	at org.springframework.web.filter.OncePerRequestFilter.doFilter(OncePerRequestFilter.java:116)
	at org.springframework.security.web.FilterChainProxy$VirtualFilterChain.doFilter(FilterChainProxy.java:374)
	at org.springframework.security.web.FilterChainProxy.doFilterInternal(FilterChainProxy.java:233)
	at org.springframework.security.web.FilterChainProxy.doFilter(FilterChainProxy.java:191)
	at org.springframework.web.filter.CompositeFilter$VirtualFilterChain.doFilter(CompositeFilter.java:113)
	at org.springframework.web.servlet.handler.HandlerMappingIntrospector.lambda$createCacheFilter$3(HandlerMappingIntrospector.java:195)
	at org.springframework.web.filter.CompositeFilter$VirtualFilterChain.doFilter(CompositeFilter.java:113)
	at org.springframework.web.filter.CompositeFilter.doFilter(CompositeFilter.java:74)
	at org.springframework.security.config.annotation.web.configuration.WebMvcSecurityConfiguration$CompositeFilterChainProxy.doFilter(WebMvcSecurityConfiguration.java:230)
	at org.springframework.web.filter.DelegatingFilterProxy.invokeDelegate(DelegatingFilterProxy.java:362)
	at org.springframework.web.filter.DelegatingFilterProxy.doFilter(DelegatingFilterProxy.java:278)
	at org.apache.catalina.core.ApplicationFilterChain.internalDoFilter(ApplicationFilterChain.java:164)
	at org.apache.catalina.core.ApplicationFilterChain.doFilter(ApplicationFilterChain.java:140)
	at org.springframework.web.filter.RequestContextFilter.doFilterInternal(RequestContextFilter.java:100)
	at org.springframework.web.filter.OncePerRequestFilter.doFilter(OncePerRequestFilter.java:116)
	at org.apache.catalina.core.ApplicationFilterChain.internalDoFilter(ApplicationFilterChain.java:164)
	at org.apache.catalina.core.ApplicationFilterChain.doFilter(ApplicationFilterChain.java:140)
	at org.springframework.web.filter.FormContentFilter.doFilterInternal(FormContentFilter.java:93)
	at org.springframework.web.filter.OncePerRequestFilter.doFilter(OncePerRequestFilter.java:116)
	at org.apache.catalina.core.ApplicationFilterChain.internalDoFilter(ApplicationFilterChain.java:164)
	at org.apache.catalina.core.ApplicationFilterChain.doFilter(ApplicationFilterChain.java:140)
	at org.springframework.web.filter.CharacterEncodingFilter.doFilterInternal(CharacterEncodingFilter.java:201)
	at org.springframework.web.filter.OncePerRequestFilter.doFilter(OncePerRequestFilter.java:116)
	at org.apache.catalina.core.ApplicationFilterChain.internalDoFilter(ApplicationFilterChain.java:164)
	at org.apache.catalina.core.ApplicationFilterChain.doFilter(ApplicationFilterChain.java:140)
	at org.apache.catalina.core.StandardWrapperValve.invoke(StandardWrapperValve.java:167)
	at org.apache.catalina.core.StandardContextValve.invoke(StandardContextValve.java:90)
	at org.apache.catalina.authenticator.AuthenticatorBase.invoke(AuthenticatorBase.java:483)
	at org.apache.catalina.core.StandardHostValve.invoke(StandardHostValve.java:115)
	at org.apache.catalina.valves.ErrorReportValve.invoke(ErrorReportValve.java:93)
	at org.apache.catalina.core.StandardEngineValve.invoke(StandardEngineValve.java:74)
	at org.apache.catalina.connector.CoyoteAdapter.service(CoyoteAdapter.java:344)
	at org.apache.coyote.http11.Http11Processor.service(Http11Processor.java:384)
	at org.apache.coyote.AbstractProcessorLight.process(AbstractProcessorLight.java:63)
	at org.apache.coyote.AbstractProtocol$ConnectionHandler.process(AbstractProtocol.java:905)
	at org.apache.tomcat.util.net.NioEndpoint$SocketProcessor.doRun(NioEndpoint.java:1741)
	at org.apache.tomcat.util.net.SocketProcessorBase.run(SocketProcessorBase.java:52)
	at org.apache.tomcat.util.threads.ThreadPoolExecutor.runWorker(ThreadPoolExecutor.java:1190)
	at org.apache.tomcat.util.threads.ThreadPoolExecutor$Worker.run(ThreadPoolExecutor.java:659)
	at org.apache.tomcat.util.threads.TaskThread$WrappingRunnable.run(TaskThread.java:63)
	at java.base/java.lang.Thread.run(Thread.java:833)
18:46:31:871 [main] INFO  l.i.c.CropMonitoringSystemBackendApplication - Starting CropMonitoringSystemBackendApplication using Java 17.0.7 with PID 16228 (D:\GDSE 68\Second Semester\AAD\Crop_Monitoring_System-Backend\build\classes\java\main started by Sandun in D:\GDSE 68\Second Semester\AAD\Crop_Monitoring_System-Backend)
18:46:31:876 [main] INFO  l.i.c.CropMonitoringSystemBackendApplication - No active profile set, falling back to 1 default profile: "default"
18:46:40:200 [main] INFO  l.i.c.CropMonitoringSystemBackendApplication - Started CropMonitoringSystemBackendApplication in 8.932 seconds (process running for 9.712)
18:50:10:763 [main] INFO  l.i.c.CropMonitoringSystemBackendApplication - Starting CropMonitoringSystemBackendApplication using Java 17.0.7 with PID 26792 (D:\GDSE 68\Second Semester\AAD\Crop_Monitoring_System-Backend\build\classes\java\main started by Sandun in D:\GDSE 68\Second Semester\AAD\Crop_Monitoring_System-Backend)
18:50:10:774 [main] INFO  l.i.c.CropMonitoringSystemBackendApplication - No active profile set, falling back to 1 default profile: "default"
18:50:19:646 [main] INFO  l.i.c.CropMonitoringSystemBackendApplication - Started CropMonitoringSystemBackendApplication in 9.635 seconds (process running for 10.464)
18:50:23:867 [http-nio-8080-exec-2] ERROR o.a.c.c.C.[.[.[.[dispatcherServlet] - Servlet.service() for servlet [dispatcherServlet] in context with path [/cms] threw exception
io.jsonwebtoken.ExpiredJwtException: JWT expired 178863 milliseconds ago at 2024-11-11T13:17:25.000Z. Current time: 2024-11-11T13:20:23.863Z. Allowed clock skew: 0 milliseconds.
	at io.jsonwebtoken.impl.DefaultJwtParser.parse(DefaultJwtParser.java:691)
	at io.jsonwebtoken.impl.DefaultJwtParser.parse(DefaultJwtParser.java:364)
	at io.jsonwebtoken.impl.DefaultJwtParser.parse(DefaultJwtParser.java:94)
	at io.jsonwebtoken.impl.io.AbstractParser.parse(AbstractParser.java:36)
	at io.jsonwebtoken.impl.io.AbstractParser.parse(AbstractParser.java:29)
	at io.jsonwebtoken.impl.DefaultJwtParser.parseSignedClaims(DefaultJwtParser.java:830)
	at io.jsonwebtoken.impl.DefaultJwtParser.parseClaimsJws(DefaultJwtParser.java:806)
	at lk.ijse.crop_monitoring_systembackend.service.impl.JWTServiceIMPL.getAllClaims(JWTServiceIMPL.java:81)
	at lk.ijse.crop_monitoring_systembackend.service.impl.JWTServiceIMPL.extractClaim(JWTServiceIMPL.java:47)
	at lk.ijse.crop_monitoring_systembackend.service.impl.JWTServiceIMPL.extractUsername(JWTServiceIMPL.java:26)
	at lk.ijse.crop_monitoring_systembackend.config.JWTConfig.doFilterInternal(JWTConfig.java:40)
	at org.springframework.web.filter.OncePerRequestFilter.doFilter(OncePerRequestFilter.java:116)
	at org.springframework.security.web.FilterChainProxy$VirtualFilterChain.doFilter(FilterChainProxy.java:374)
	at org.springframework.security.web.authentication.logout.LogoutFilter.doFilter(LogoutFilter.java:107)
	at org.springframework.security.web.authentication.logout.LogoutFilter.doFilter(LogoutFilter.java:93)
	at org.springframework.security.web.FilterChainProxy$VirtualFilterChain.doFilter(FilterChainProxy.java:374)
	at org.springframework.security.web.header.HeaderWriterFilter.doHeadersAfter(HeaderWriterFilter.java:90)
	at org.springframework.security.web.header.HeaderWriterFilter.doFilterInternal(HeaderWriterFilter.java:75)
	at org.springframework.web.filter.OncePerRequestFilter.doFilter(OncePerRequestFilter.java:116)
	at org.springframework.security.web.FilterChainProxy$VirtualFilterChain.doFilter(FilterChainProxy.java:374)
	at org.springframework.security.web.context.SecurityContextHolderFilter.doFilter(SecurityContextHolderFilter.java:82)
	at org.springframework.security.web.context.SecurityContextHolderFilter.doFilter(SecurityContextHolderFilter.java:69)
	at org.springframework.security.web.FilterChainProxy$VirtualFilterChain.doFilter(FilterChainProxy.java:374)
	at org.springframework.security.web.context.request.async.WebAsyncManagerIntegrationFilter.doFilterInternal(WebAsyncManagerIntegrationFilter.java:62)
	at org.springframework.web.filter.OncePerRequestFilter.doFilter(OncePerRequestFilter.java:116)
	at org.springframework.security.web.FilterChainProxy$VirtualFilterChain.doFilter(FilterChainProxy.java:374)
	at org.springframework.security.web.session.DisableEncodeUrlFilter.doFilterInternal(DisableEncodeUrlFilter.java:42)
	at org.springframework.web.filter.OncePerRequestFilter.doFilter(OncePerRequestFilter.java:116)
	at org.springframework.security.web.FilterChainProxy$VirtualFilterChain.doFilter(FilterChainProxy.java:374)
	at org.springframework.security.web.FilterChainProxy.doFilterInternal(FilterChainProxy.java:233)
	at org.springframework.security.web.FilterChainProxy.doFilter(FilterChainProxy.java:191)
	at org.springframework.web.filter.CompositeFilter$VirtualFilterChain.doFilter(CompositeFilter.java:113)
	at org.springframework.web.servlet.handler.HandlerMappingIntrospector.lambda$createCacheFilter$3(HandlerMappingIntrospector.java:195)
	at org.springframework.web.filter.CompositeFilter$VirtualFilterChain.doFilter(CompositeFilter.java:113)
	at org.springframework.web.filter.CompositeFilter.doFilter(CompositeFilter.java:74)
	at org.springframework.security.config.annotation.web.configuration.WebMvcSecurityConfiguration$CompositeFilterChainProxy.doFilter(WebMvcSecurityConfiguration.java:230)
	at org.springframework.web.filter.DelegatingFilterProxy.invokeDelegate(DelegatingFilterProxy.java:362)
	at org.springframework.web.filter.DelegatingFilterProxy.doFilter(DelegatingFilterProxy.java:278)
	at org.apache.catalina.core.ApplicationFilterChain.internalDoFilter(ApplicationFilterChain.java:164)
	at org.apache.catalina.core.ApplicationFilterChain.doFilter(ApplicationFilterChain.java:140)
	at org.springframework.web.filter.RequestContextFilter.doFilterInternal(RequestContextFilter.java:100)
	at org.springframework.web.filter.OncePerRequestFilter.doFilter(OncePerRequestFilter.java:116)
	at org.apache.catalina.core.ApplicationFilterChain.internalDoFilter(ApplicationFilterChain.java:164)
	at org.apache.catalina.core.ApplicationFilterChain.doFilter(ApplicationFilterChain.java:140)
	at org.springframework.web.filter.FormContentFilter.doFilterInternal(FormContentFilter.java:93)
	at org.springframework.web.filter.OncePerRequestFilter.doFilter(OncePerRequestFilter.java:116)
	at org.apache.catalina.core.ApplicationFilterChain.internalDoFilter(ApplicationFilterChain.java:164)
	at org.apache.catalina.core.ApplicationFilterChain.doFilter(ApplicationFilterChain.java:140)
	at org.springframework.web.filter.CharacterEncodingFilter.doFilterInternal(CharacterEncodingFilter.java:201)
	at org.springframework.web.filter.OncePerRequestFilter.doFilter(OncePerRequestFilter.java:116)
	at org.apache.catalina.core.ApplicationFilterChain.internalDoFilter(ApplicationFilterChain.java:164)
	at org.apache.catalina.core.ApplicationFilterChain.doFilter(ApplicationFilterChain.java:140)
	at org.apache.catalina.core.StandardWrapperValve.invoke(StandardWrapperValve.java:167)
	at org.apache.catalina.core.StandardContextValve.invoke(StandardContextValve.java:90)
	at org.apache.catalina.authenticator.AuthenticatorBase.invoke(AuthenticatorBase.java:483)
	at org.apache.catalina.core.StandardHostValve.invoke(StandardHostValve.java:115)
	at org.apache.catalina.valves.ErrorReportValve.invoke(ErrorReportValve.java:93)
	at org.apache.catalina.core.StandardEngineValve.invoke(StandardEngineValve.java:74)
	at org.apache.catalina.connector.CoyoteAdapter.service(CoyoteAdapter.java:344)
	at org.apache.coyote.http11.Http11Processor.service(Http11Processor.java:384)
	at org.apache.coyote.AbstractProcessorLight.process(AbstractProcessorLight.java:63)
	at org.apache.coyote.AbstractProtocol$ConnectionHandler.process(AbstractProtocol.java:905)
	at org.apache.tomcat.util.net.NioEndpoint$SocketProcessor.doRun(NioEndpoint.java:1741)
	at org.apache.tomcat.util.net.SocketProcessorBase.run(SocketProcessorBase.java:52)
	at org.apache.tomcat.util.threads.ThreadPoolExecutor.runWorker(ThreadPoolExecutor.java:1190)
	at org.apache.tomcat.util.threads.ThreadPoolExecutor$Worker.run(ThreadPoolExecutor.java:659)
	at org.apache.tomcat.util.threads.TaskThread$WrappingRunnable.run(TaskThread.java:63)
	at java.base/java.lang.Thread.run(Thread.java:833)
18:50:58:958 [main] INFO  l.i.c.CropMonitoringSystemBackendApplication - Starting CropMonitoringSystemBackendApplication using Java 17.0.7 with PID 13848 (D:\GDSE 68\Second Semester\AAD\Crop_Monitoring_System-Backend\build\classes\java\main started by Sandun in D:\GDSE 68\Second Semester\AAD\Crop_Monitoring_System-Backend)
18:50:58:994 [main] INFO  l.i.c.CropMonitoringSystemBackendApplication - No active profile set, falling back to 1 default profile: "default"
18:51:06:308 [main] INFO  l.i.c.CropMonitoringSystemBackendApplication - Started CropMonitoringSystemBackendApplication in 7.92 seconds (process running for 8.736)
18:51:11:515 [http-nio-8080-exec-1] INFO  l.i.c.controller.AuthController - User saved successfully: UserDTO(email=john@gmail.com, password=$2a$10$xifD4NrHwKUO8eOI.WPwTOvggO8Ab7Ovon83xCNqdpvjT0KY7HXtO, role=MANAGER)
